Adding file system path C:\QuakeDev\id1
Adding file system package PAK0.PAK
Adding file system package PAK1.PAK
Loading document from C:\quake-map-penitentiary\id1\maps\penitentiary.map
Loaded entity definition file Quake.fgd
Loading palette file gfx\palette.lmp
Loaded texture collection 'C:\quake-map-penitentiary\wads\prototype_1_2.wad'
Loaded texture collection 'C:\quake-map-penitentiary\wads\id1.wad'
Loaded texture collection 'C:\quake-map-penitentiary\wads\rogue.wad'
Renderer info: Intel(R) UHD Graphics 630 version 4.5.0 - Build 25.20.100.6617 from Intel
Depth buffer bits: 24
Multisampling enabled
Created autosave backup at C:\quake-map-penitentiary\id1\maps\autosave\penitentiary.9.map
Saved C:\quake-map-penitentiary\id1\maps\penitentiary.map
Created autosave backup at C:\quake-map-penitentiary\id1\maps\autosave\penitentiary.10.map
Saved C:\quake-map-penitentiary\id1\maps\penitentiary.map
Saved C:\quake-map-penitentiary\id1\maps\penitentiary.map
Saved C:\quake-map-penitentiary\id1\maps\penitentiary.map
Saved C:\quake-map-penitentiary\id1\maps\penitentiary.map
Saved C:\quake-map-penitentiary\id1\maps\penitentiary.map
Created autosave backup at C:\quake-map-penitentiary\id1\maps\autosave\penitentiary.11.map
Saved C:\quake-map-penitentiary\id1\maps\penitentiary.map
Created autosave backup at C:\quake-map-penitentiary\id1\maps\autosave\penitentiary.12.map
Saved C:\quake-map-penitentiary\id1\maps\penitentiary.map
Saved C:\quake-map-penitentiary\id1\maps\penitentiary.map
Saved C:\quake-map-penitentiary\id1\maps\penitentiary.map
Saved C:\quake-map-penitentiary\id1\maps\penitentiary.map
Saved C:\quake-map-penitentiary\id1\maps\penitentiary.map
Saved C:\quake-map-penitentiary\id1\maps\penitentiary.map
Saved C:\quake-map-penitentiary\id1\maps\penitentiary.map
Saved C:\quake-map-penitentiary\id1\maps\penitentiary.map
Created autosave backup at C:\quake-map-penitentiary\id1\maps\autosave\penitentiary.13.map
Saved C:\quake-map-penitentiary\id1\maps\penitentiary.map
Saved C:\quake-map-penitentiary\id1\maps\penitentiary.map
Created autosave backup at C:\quake-map-penitentiary\id1\maps\autosave\penitentiary.14.map
Saved C:\quake-map-penitentiary\id1\maps\penitentiary.map
Saved C:\quake-map-penitentiary\id1\maps\penitentiary.map
Created autosave backup at C:\quake-map-penitentiary\id1\maps\autosave\penitentiary.15.map
Saved C:\quake-map-penitentiary\id1\maps\penitentiary.map
Saved C:\quake-map-penitentiary\id1\maps\penitentiary.map
Created autosave backup at C:\quake-map-penitentiary\id1\maps\autosave\penitentiary.16.map
Saved C:\quake-map-penitentiary\id1\maps\penitentiary.map
Saved C:\quake-map-penitentiary\id1\maps\penitentiary.map
Saved C:\quake-map-penitentiary\id1\maps\penitentiary.map
Created autosave backup at C:\quake-map-penitentiary\id1\maps\autosave\penitentiary.17.map
Saved C:\quake-map-penitentiary\id1\maps\penitentiary.map
Saved C:\quake-map-penitentiary\id1\maps\penitentiary.map
Created autosave backup at C:\quake-map-penitentiary\id1\maps\autosave\penitentiary.18.map
Saved C:\quake-map-penitentiary\id1\maps\penitentiary.map
Saved C:\quake-map-penitentiary\id1\maps\penitentiary.map
Created autosave backup at C:\quake-map-penitentiary\id1\maps\autosave\penitentiary.19.map
Saved C:\quake-map-penitentiary\id1\maps\penitentiary.map
Created autosave backup at C:\quake-map-penitentiary\id1\maps\autosave\penitentiary.20.map
Created autosave backup at C:\quake-map-penitentiary\id1\maps\autosave\penitentiary.21.map
Saved C:\quake-map-penitentiary\id1\maps\penitentiary.map
Saved C:\quake-map-penitentiary\id1\maps\penitentiary.map
Created autosave backup at C:\quake-map-penitentiary\id1\maps\autosave\penitentiary.22.map
Saved C:\quake-map-penitentiary\id1\maps\penitentiary.map
Loaded point file C:\quake-map-penitentiary\id1\maps\penitentiary.pts
Saved C:\quake-map-penitentiary\id1\maps\penitentiary.map
Unloaded point file
Loaded point file C:\quake-map-penitentiary\id1\maps\penitentiary.pts
Saved C:\quake-map-penitentiary\id1\maps\penitentiary.map
Unloaded point file
Loaded point file C:\quake-map-penitentiary\id1\maps\penitentiary.pts
Saved C:\quake-map-penitentiary\id1\maps\penitentiary.map
Unloaded point file
Loaded point file C:\quake-map-penitentiary\id1\maps\penitentiary.pts
Saved C:\quake-map-penitentiary\id1\maps\penitentiary.map
Unloaded point file
Created autosave backup at C:\quake-map-penitentiary\id1\maps\autosave\penitentiary.23.map
Saved C:\quake-map-penitentiary\id1\maps\penitentiary.map
Loaded point file C:\quake-map-penitentiary\id1\maps\penitentiary.pts
Saved C:\quake-map-penitentiary\id1\maps\penitentiary.map
Unloaded point file
Loaded point file C:\quake-map-penitentiary\id1\maps\penitentiary.pts
Saved C:\quake-map-penitentiary\id1\maps\penitentiary.map
Saved C:\quake-map-penitentiary\id1\maps\penitentiary.map
Saved C:\quake-map-penitentiary\id1\maps\penitentiary.map
Unloaded point file
Loaded point file C:\quake-map-penitentiary\id1\maps\penitentiary.pts
Saved C:\quake-map-penitentiary\id1\maps\penitentiary.map
Unloaded point file
Loaded point file C:\quake-map-penitentiary\id1\maps\penitentiary.pts
Saved C:\quake-map-penitentiary\id1\maps\penitentiary.map
Saved C:\quake-map-penitentiary\id1\maps\penitentiary.map
Created autosave backup at C:\quake-map-penitentiary\id1\maps\autosave\penitentiary.24.map
Saved C:\quake-map-penitentiary\id1\maps\penitentiary.map
Saved C:\quake-map-penitentiary\id1\maps\penitentiary.map
Saved C:\quake-map-penitentiary\id1\maps\penitentiary.map
Saved C:\quake-map-penitentiary\id1\maps\penitentiary.map
Created autosave backup at C:\quake-map-penitentiary\id1\maps\autosave\penitentiary.25.map
Saved C:\quake-map-penitentiary\id1\maps\penitentiary.map
Saved C:\quake-map-penitentiary\id1\maps\penitentiary.map
Created autosave backup at C:\quake-map-penitentiary\id1\maps\autosave\penitentiary.26.map
Saved C:\quake-map-penitentiary\id1\maps\penitentiary.map
Saved C:\quake-map-penitentiary\id1\maps\penitentiary.map
Saved C:\quake-map-penitentiary\id1\maps\penitentiary.map
Saved C:\quake-map-penitentiary\id1\maps\penitentiary.map
Saved C:\quake-map-penitentiary\id1\maps\penitentiary.map
Saved C:\quake-map-penitentiary\id1\maps\penitentiary.map
Created autosave backup at C:\quake-map-penitentiary\id1\maps\autosave\penitentiary.27.map
Saved C:\quake-map-penitentiary\id1\maps\penitentiary.map
Saved C:\quake-map-penitentiary\id1\maps\penitentiary.map
Saved C:\quake-map-penitentiary\id1\maps\penitentiary.map
Created autosave backup at C:\quake-map-penitentiary\id1\maps\autosave\penitentiary.28.map
Saved C:\quake-map-penitentiary\id1\maps\penitentiary.map
Saved C:\quake-map-penitentiary\id1\maps\penitentiary.map
Saved C:\quake-map-penitentiary\id1\maps\penitentiary.map
Saved C:\quake-map-penitentiary\id1\maps\penitentiary.map
Saved C:\quake-map-penitentiary\id1\maps\penitentiary.map
Saved C:\quake-map-penitentiary\id1\maps\penitentiary.map
Saved C:\quake-map-penitentiary\id1\maps\penitentiary.map
Created autosave backup at C:\quake-map-penitentiary\id1\maps\autosave\penitentiary.29.map
Saved C:\quake-map-penitentiary\id1\maps\penitentiary.map
Saved C:\quake-map-penitentiary\id1\maps\penitentiary.map
Saved C:\quake-map-penitentiary\id1\maps\penitentiary.map
Saved C:\quake-map-penitentiary\id1\maps\penitentiary.map
Created autosave backup at C:\quake-map-penitentiary\id1\maps\autosave\penitentiary.30.map
Saved C:\quake-map-penitentiary\id1\maps\penitentiary.map
Saved C:\quake-map-penitentiary\id1\maps\penitentiary.map
Saved C:\quake-map-penitentiary\id1\maps\penitentiary.map
Saved C:\quake-map-penitentiary\id1\maps\penitentiary.map
Saved C:\quake-map-penitentiary\id1\maps\penitentiary.map
Saved C:\quake-map-penitentiary\id1\maps\penitentiary.map
Saved C:\quake-map-penitentiary\id1\maps\penitentiary.map
Created autosave backup at C:\quake-map-penitentiary\id1\maps\autosave\penitentiary.31.map
Saved C:\quake-map-penitentiary\id1\maps\penitentiary.map
Saved C:\quake-map-penitentiary\id1\maps\penitentiary.map
Saved C:\quake-map-penitentiary\id1\maps\penitentiary.map
Saved C:\quake-map-penitentiary\id1\maps\penitentiary.map
Saved C:\quake-map-penitentiary\id1\maps\penitentiary.map
Saved C:\quake-map-penitentiary\id1\maps\penitentiary.map
Created autosave backup at C:\quake-map-penitentiary\id1\maps\autosave\penitentiary.32.map
Saved C:\quake-map-penitentiary\id1\maps\penitentiary.map
Unloaded point file
Saved C:\quake-map-penitentiary\id1\maps\penitentiary.map
Created autosave backup at C:\quake-map-penitentiary\id1\maps\autosave\penitentiary.33.map
Saved C:\quake-map-penitentiary\id1\maps\penitentiary.map
Saved C:\quake-map-penitentiary\id1\maps\penitentiary.map
Saved C:\quake-map-penitentiary\id1\maps\penitentiary.map
Created autosave backup at C:\quake-map-penitentiary\id1\maps\autosave\penitentiary.34.map
Saved C:\quake-map-penitentiary\id1\maps\penitentiary.map
Saved C:\quake-map-penitentiary\id1\maps\penitentiary.map
Saved C:\quake-map-penitentiary\id1\maps\penitentiary.map
Created autosave backup at C:\quake-map-penitentiary\id1\maps\autosave\penitentiary.35.map
Saved C:\quake-map-penitentiary\id1\maps\penitentiary.map
Saved C:\quake-map-penitentiary\id1\maps\penitentiary.map
Saved C:\quake-map-penitentiary\id1\maps\penitentiary.map
Saved C:\quake-map-penitentiary\id1\maps\penitentiary.map
Saved C:\quake-map-penitentiary\id1\maps\penitentiary.map
Saved C:\quake-map-penitentiary\id1\maps\penitentiary.map
Saved C:\quake-map-penitentiary\id1\maps\penitentiary.map
Saved C:\quake-map-penitentiary\id1\maps\penitentiary.map
Saved C:\quake-map-penitentiary\id1\maps\penitentiary.map
Saved C:\quake-map-penitentiary\id1\maps\penitentiary.map
Saved C:\quake-map-penitentiary\id1\maps\penitentiary.map
Created autosave backup at C:\quake-map-penitentiary\id1\maps\autosave\penitentiary.36.map
Saved C:\quake-map-penitentiary\id1\maps\penitentiary.map
Saved C:\quake-map-penitentiary\id1\maps\penitentiary.map
Saved C:\quake-map-penitentiary\id1\maps\penitentiary.map
Created autosave backup at C:\quake-map-penitentiary\id1\maps\autosave\penitentiary.37.map
Saved C:\quake-map-penitentiary\id1\maps\penitentiary.map
Saved C:\quake-map-penitentiary\id1\maps\penitentiary.map
Saved C:\quake-map-penitentiary\id1\maps\penitentiary.map
Saved C:\quake-map-penitentiary\id1\maps\penitentiary.map
Created autosave backup at C:\quake-map-penitentiary\id1\maps\autosave\penitentiary.38.map
Saved C:\quake-map-penitentiary\id1\maps\penitentiary.map
Saved C:\quake-map-penitentiary\id1\maps\penitentiary.map
Saved C:\quake-map-penitentiary\id1\maps\penitentiary.map
Saved C:\quake-map-penitentiary\id1\maps\penitentiary.map
Created autosave backup at C:\quake-map-penitentiary\id1\maps\autosave\penitentiary.39.map
Saved C:\quake-map-penitentiary\id1\maps\penitentiary.map
Saved C:\quake-map-penitentiary\id1\maps\penitentiary.map
Created autosave backup at C:\quake-map-penitentiary\id1\maps\autosave\penitentiary.40.map
Saved C:\quake-map-penitentiary\id1\maps\penitentiary.map
Saved C:\quake-map-penitentiary\id1\maps\penitentiary.map
Saved C:\quake-map-penitentiary\id1\maps\penitentiary.map
Saved C:\quake-map-penitentiary\id1\maps\penitentiary.map
Created autosave backup at C:\quake-map-penitentiary\id1\maps\autosave\penitentiary.41.map
Saved C:\quake-map-penitentiary\id1\maps\penitentiary.map
Created autosave backup at C:\quake-map-penitentiary\id1\maps\autosave\penitentiary.42.map
Saved C:\quake-map-penitentiary\id1\maps\penitentiary.map
Created autosave backup at C:\quake-map-penitentiary\id1\maps\autosave\penitentiary.43.map
Saved C:\quake-map-penitentiary\id1\maps\penitentiary.map
Saved C:\quake-map-penitentiary\id1\maps\penitentiary.map
Saved C:\quake-map-penitentiary\id1\maps\penitentiary.map
Saved C:\quake-map-penitentiary\id1\maps\penitentiary.map
Created autosave backup at C:\quake-map-penitentiary\id1\maps\autosave\penitentiary.44.map
Saved C:\quake-map-penitentiary\id1\maps\penitentiary.map
Saved C:\quake-map-penitentiary\id1\maps\penitentiary.map
Saved C:\quake-map-penitentiary\id1\maps\penitentiary.map
Saved C:\quake-map-penitentiary\id1\maps\penitentiary.map
Saved C:\quake-map-penitentiary\id1\maps\penitentiary.map
Saved C:\quake-map-penitentiary\id1\maps\penitentiary.map
Saved C:\quake-map-penitentiary\id1\maps\penitentiary.map
Saved C:\quake-map-penitentiary\id1\maps\penitentiary.map
Saved C:\quake-map-penitentiary\id1\maps\penitentiary.map
Created autosave backup at C:\quake-map-penitentiary\id1\maps\autosave\penitentiary.45.map
Saved C:\quake-map-penitentiary\id1\maps\penitentiary.map
Saved C:\quake-map-penitentiary\id1\maps\penitentiary.map
Saved C:\quake-map-penitentiary\id1\maps\penitentiary.map
Saved C:\quake-map-penitentiary\id1\maps\penitentiary.map
Created autosave backup at C:\quake-map-penitentiary\id1\maps\autosave\penitentiary.46.map
Saved C:\quake-map-penitentiary\id1\maps\penitentiary.map
Created autosave backup at C:\quake-map-penitentiary\id1\maps\autosave\penitentiary.47.map
Saved C:\quake-map-penitentiary\id1\maps\penitentiary.map
Created autosave backup at C:\quake-map-penitentiary\id1\maps\autosave\penitentiary.48.map
Saved C:\quake-map-penitentiary\id1\maps\penitentiary.map
Saved C:\quake-map-penitentiary\id1\maps\penitentiary.map
Saved C:\quake-map-penitentiary\id1\maps\penitentiary.map
Saved C:\quake-map-penitentiary\id1\maps\penitentiary.map
Saved C:\quake-map-penitentiary\id1\maps\penitentiary.map
Saved C:\quake-map-penitentiary\id1\maps\penitentiary.map
Created autosave backup at C:\quake-map-penitentiary\id1\maps\autosave\penitentiary.49.map
Saved C:\quake-map-penitentiary\id1\maps\penitentiary.map
Saved C:\quake-map-penitentiary\id1\maps\penitentiary.map
Saved C:\quake-map-penitentiary\id1\maps\penitentiary.map
Saved C:\quake-map-penitentiary\id1\maps\penitentiary.map
Saved C:\quake-map-penitentiary\id1\maps\penitentiary.map
Saved C:\quake-map-penitentiary\id1\maps\penitentiary.map
Saved C:\quake-map-penitentiary\id1\maps\penitentiary.map
Saved C:\quake-map-penitentiary\id1\maps\penitentiary.map
Saved C:\quake-map-penitentiary\id1\maps\penitentiary.map
Saved C:\quake-map-penitentiary\id1\maps\penitentiary.map
Created autosave backup at C:\quake-map-penitentiary\id1\maps\autosave\penitentiary.50.map
Saved C:\quake-map-penitentiary\id1\maps\penitentiary.map
Saved C:\quake-map-penitentiary\id1\maps\penitentiary.map
Saved C:\quake-map-penitentiary\id1\maps\penitentiary.map
Saved C:\quake-map-penitentiary\id1\maps\penitentiary.map
Saved C:\quake-map-penitentiary\id1\maps\penitentiary.map
Saved C:\quake-map-penitentiary\id1\maps\penitentiary.map
Created autosave backup at C:\quake-map-penitentiary\id1\maps\autosave\penitentiary.50.map
Saved C:\quake-map-penitentiary\id1\maps\penitentiary.map
Saved C:\quake-map-penitentiary\id1\maps\penitentiary.map
Saved C:\quake-map-penitentiary\id1\maps\penitentiary.map
Saved C:\quake-map-penitentiary\id1\maps\penitentiary.map
Saved C:\quake-map-penitentiary\id1\maps\penitentiary.map
Saved C:\quake-map-penitentiary\id1\maps\penitentiary.map
Saved C:\quake-map-penitentiary\id1\maps\penitentiary.map
Created autosave backup at C:\quake-map-penitentiary\id1\maps\autosave\penitentiary.50.map
Saved C:\quake-map-penitentiary\id1\maps\penitentiary.map
Created autosave backup at C:\quake-map-penitentiary\id1\maps\autosave\penitentiary.50.map
Saved C:\quake-map-penitentiary\id1\maps\penitentiary.map
Saved C:\quake-map-penitentiary\id1\maps\penitentiary.map
Saved C:\quake-map-penitentiary\id1\maps\penitentiary.map
Saved C:\quake-map-penitentiary\id1\maps\penitentiary.map
Created autosave backup at C:\quake-map-penitentiary\id1\maps\autosave\penitentiary.50.map
Saved C:\quake-map-penitentiary\id1\maps\penitentiary.map
Saved C:\quake-map-penitentiary\id1\maps\penitentiary.map
Saved C:\quake-map-penitentiary\id1\maps\penitentiary.map
Saved C:\quake-map-penitentiary\id1\maps\penitentiary.map
Saved C:\quake-map-penitentiary\id1\maps\penitentiary.map
Saved C:\quake-map-penitentiary\id1\maps\penitentiary.map
Saved C:\quake-map-penitentiary\id1\maps\penitentiary.map
Saved C:\quake-map-penitentiary\id1\maps\penitentiary.map
Saved C:\quake-map-penitentiary\id1\maps\penitentiary.map
Created autosave backup at C:\quake-map-penitentiary\id1\maps\autosave\penitentiary.50.map
Saved C:\quake-map-penitentiary\id1\maps\penitentiary.map
Saved C:\quake-map-penitentiary\id1\maps\penitentiary.map
Saved C:\quake-map-penitentiary\id1\maps\penitentiary.map
Saved C:\quake-map-penitentiary\id1\maps\penitentiary.map
Created autosave backup at C:\quake-map-penitentiary\id1\maps\autosave\penitentiary.50.map
Saved C:\quake-map-penitentiary\id1\maps\penitentiary.map
Saved C:\quake-map-penitentiary\id1\maps\penitentiary.map
Saved C:\quake-map-penitentiary\id1\maps\penitentiary.map
Saved C:\quake-map-penitentiary\id1\maps\penitentiary.map
Saved C:\quake-map-penitentiary\id1\maps\penitentiary.map
Created autosave backup at C:\quake-map-penitentiary\id1\maps\autosave\penitentiary.50.map
Saved C:\quake-map-penitentiary\id1\maps\penitentiary.map
Saved C:\quake-map-penitentiary\id1\maps\penitentiary.map
Saved C:\quake-map-penitentiary\id1\maps\penitentiary.map
Saved C:\quake-map-penitentiary\id1\maps\penitentiary.map
Saved C:\quake-map-penitentiary\id1\maps\penitentiary.map
Saved C:\quake-map-penitentiary\id1\maps\penitentiary.map
Saved C:\quake-map-penitentiary\id1\maps\penitentiary.map
Created autosave backup at C:\quake-map-penitentiary\id1\maps\autosave\penitentiary.50.map
Saved C:\quake-map-penitentiary\id1\maps\penitentiary.map
Saved C:\quake-map-penitentiary\id1\maps\penitentiary.map
Created autosave backup at C:\quake-map-penitentiary\id1\maps\autosave\penitentiary.50.map
Saved C:\quake-map-penitentiary\id1\maps\penitentiary.map
Saved C:\quake-map-penitentiary\id1\maps\penitentiary.map
Saved C:\quake-map-penitentiary\id1\maps\penitentiary.map
Created autosave backup at C:\quake-map-penitentiary\id1\maps\autosave\penitentiary.50.map
Saved C:\quake-map-penitentiary\id1\maps\penitentiary.map
Saved C:\quake-map-penitentiary\id1\maps\penitentiary.map
Saved C:\quake-map-penitentiary\id1\maps\penitentiary.map
Created autosave backup at C:\quake-map-penitentiary\id1\maps\autosave\penitentiary.50.map
Saved C:\quake-map-penitentiary\id1\maps\penitentiary.map
Saved C:\quake-map-penitentiary\id1\maps\penitentiary.map
Saved C:\quake-map-penitentiary\id1\maps\penitentiary.map
Saved C:\quake-map-penitentiary\id1\maps\penitentiary.map
Created autosave backup at C:\quake-map-penitentiary\id1\maps\autosave\penitentiary.50.map
Saved C:\quake-map-penitentiary\id1\maps\penitentiary.map
Saved C:\quake-map-penitentiary\id1\maps\penitentiary.map
Saved C:\quake-map-penitentiary\id1\maps\penitentiary.map
Saved C:\quake-map-penitentiary\id1\maps\penitentiary.map
Created autosave backup at C:\quake-map-penitentiary\id1\maps\autosave\penitentiary.50.map
Saved C:\quake-map-penitentiary\id1\maps\penitentiary.map
Saved C:\quake-map-penitentiary\id1\maps\penitentiary.map
Saved C:\quake-map-penitentiary\id1\maps\penitentiary.map
Saved C:\quake-map-penitentiary\id1\maps\penitentiary.map
Saved C:\quake-map-penitentiary\id1\maps\penitentiary.map
Created autosave backup at C:\quake-map-penitentiary\id1\maps\autosave\penitentiary.50.map
Saved C:\quake-map-penitentiary\id1\maps\penitentiary.map
Created autosave backup at C:\quake-map-penitentiary\id1\maps\autosave\penitentiary.50.map
Saved C:\quake-map-penitentiary\id1\maps\penitentiary.map
Created autosave backup at C:\quake-map-penitentiary\id1\maps\autosave\penitentiary.50.map
Saved C:\quake-map-penitentiary\id1\maps\penitentiary.map
Saved C:\quake-map-penitentiary\id1\maps\penitentiary.map
Saved C:\quake-map-penitentiary\id1\maps\penitentiary.map
Saved C:\quake-map-penitentiary\id1\maps\penitentiary.map
Saved C:\quake-map-penitentiary\id1\maps\penitentiary.map
Created autosave backup at C:\quake-map-penitentiary\id1\maps\autosave\penitentiary.50.map
Saved C:\quake-map-penitentiary\id1\maps\penitentiary.map
Saved C:\quake-map-penitentiary\id1\maps\penitentiary.map
Created autosave backup at C:\quake-map-penitentiary\id1\maps\autosave\penitentiary.50.map
Saved C:\quake-map-penitentiary\id1\maps\penitentiary.map
Saved C:\quake-map-penitentiary\id1\maps\penitentiary.map
Saved C:\quake-map-penitentiary\id1\maps\penitentiary.map
Created autosave backup at C:\quake-map-penitentiary\id1\maps\autosave\penitentiary.50.map
Saved C:\quake-map-penitentiary\id1\maps\penitentiary.map
Saved C:\quake-map-penitentiary\id1\maps\penitentiary.map
Created autosave backup at C:\quake-map-penitentiary\id1\maps\autosave\penitentiary.50.map
Saved C:\quake-map-penitentiary\id1\maps\penitentiary.map
Saved C:\quake-map-penitentiary\id1\maps\penitentiary.map
Saved C:\quake-map-penitentiary\id1\maps\penitentiary.map
Saved C:\quake-map-penitentiary\id1\maps\penitentiary.map
Saved C:\quake-map-penitentiary\id1\maps\penitentiary.map
Saved C:\quake-map-penitentiary\id1\maps\penitentiary.map
Created autosave backup at C:\quake-map-penitentiary\id1\maps\autosave\penitentiary.50.map
Saved C:\quake-map-penitentiary\id1\maps\penitentiary.map
Saved C:\quake-map-penitentiary\id1\maps\penitentiary.map
Saved C:\quake-map-penitentiary\id1\maps\penitentiary.map
Saved C:\quake-map-penitentiary\id1\maps\penitentiary.map
Saved C:\quake-map-penitentiary\id1\maps\penitentiary.map
Saved C:\quake-map-penitentiary\id1\maps\penitentiary.map
Created autosave backup at C:\quake-map-penitentiary\id1\maps\autosave\penitentiary.50.map
Saved C:\quake-map-penitentiary\id1\maps\penitentiary.map
Saved C:\quake-map-penitentiary\id1\maps\penitentiary.map
Saved C:\quake-map-penitentiary\id1\maps\penitentiary.map
Saved C:\quake-map-penitentiary\id1\maps\penitentiary.map
Saved C:\quake-map-penitentiary\id1\maps\penitentiary.map
Saved C:\quake-map-penitentiary\id1\maps\penitentiary.map
Saved C:\quake-map-penitentiary\id1\maps\penitentiary.map
Created autosave backup at C:\quake-map-penitentiary\id1\maps\autosave\penitentiary.50.map
Saved C:\quake-map-penitentiary\id1\maps\penitentiary.map
Saved C:\quake-map-penitentiary\id1\maps\penitentiary.map
Saved C:\quake-map-penitentiary\id1\maps\penitentiary.map
Saved C:\quake-map-penitentiary\id1\maps\penitentiary.map
Saved C:\quake-map-penitentiary\id1\maps\penitentiary.map
Saved C:\quake-map-penitentiary\id1\maps\penitentiary.map
Created autosave backup at C:\quake-map-penitentiary\id1\maps\autosave\penitentiary.50.map
Saved C:\quake-map-penitentiary\id1\maps\penitentiary.map
Saved C:\quake-map-penitentiary\id1\maps\penitentiary.map
Saved C:\quake-map-penitentiary\id1\maps\penitentiary.map
Saved C:\quake-map-penitentiary\id1\maps\penitentiary.map
Saved C:\quake-map-penitentiary\id1\maps\penitentiary.map
Created autosave backup at C:\quake-map-penitentiary\id1\maps\autosave\penitentiary.50.map
Saved C:\quake-map-penitentiary\id1\maps\penitentiary.map
Created autosave backup at C:\quake-map-penitentiary\id1\maps\autosave\penitentiary.50.map
Saved C:\quake-map-penitentiary\id1\maps\penitentiary.map
Created autosave backup at C:\quake-map-penitentiary\id1\maps\autosave\penitentiary.50.map
